<?xml version="1.0" encoding="UTF-8"?>
<coverage generated="1665172401491" clover="3.2.0">
  <project timestamp="1665172401491" name="All files">
    <metrics statements="25" coveredstatements="22" conditionals="10" coveredconditionals="8" methods="2" coveredmethods="2" elements="37" coveredelements="32" complexity="0" loc="25" ncloc="25" packages="1" files="2" classes="2"/>
    <file name="gps.js" path="/Users/jbryant/Development/algo-practice/with-notes/2022-10/gps.js">
      <metrics statements="9" coveredstatements="9" conditionals="2" coveredconditionals="1" methods="1" coveredmethods="1"/>
      <line num="22" count="2" type="cond" truecount="1" falsecount="1"/>
      <line num="23" count="2" type="stmt"/>
      <line num="24" count="2" type="stmt"/>
      <line num="25" count="2" type="stmt"/>
      <line num="26" count="14" type="stmt"/>
      <line num="28" count="2" type="stmt"/>
      <line num="29" count="2" type="stmt"/>
      <line num="32" count="1" type="stmt"/>
      <line num="34" count="1" type="stmt"/>
    </file>
    <file name="sum-pairs.js" path="/Users/jbryant/Development/algo-practice/with-notes/2022-10/sum-pairs.js">
      <metrics statements="16" coveredstatements="13" conditionals="8" coveredconditionals="7" methods="1" coveredmethods="1"/>
      <line num="17" count="8" type="stmt"/>
      <line num="18" count="8" type="stmt"/>
      <line num="19" count="8" type="stmt"/>
      <line num="20" count="39" type="stmt"/>
      <line num="21" count="82" type="cond" truecount="2" falsecount="0"/>
      <line num="22" count="8" type="cond" truecount="2" falsecount="0"/>
      <line num="23" count="7" type="stmt"/>
      <line num="24" count="7" type="stmt"/>
      <line num="25" count="7" type="stmt"/>
      <line num="27" count="1" type="cond" truecount="1" falsecount="1"/>
      <line num="28" count="0" type="stmt"/>
      <line num="29" count="0" type="stmt"/>
      <line num="30" count="0" type="stmt"/>
      <line num="36" count="8" type="cond" truecount="2" falsecount="0"/>
      <line num="39" count="1" type="stmt"/>
      <line num="41" count="1" type="stmt"/>
    </file>
  </project>
</coverage>
