{"/Users/jonathanbryant/Development/algo-practice/with-notes/2022-10/gps.js": {"path":"/Users/jonathanbryant/Development/algo-practice/with-notes/2022-10/gps.js","statementMap":{"0":{"start":{"line":22,"column":4},"end":{"line":22,"column":16}},"1":{"start":{"line":25,"column":0},"end":{"line":25,"column":20}},"2":{"start":{"line":27,"column":0},"end":{"line":27,"column":69}}},"fnMap":{"0":{"name":"gps","decl":{"start":{"line":21,"column":9},"end":{"line":21,"column":12}},"loc":{"start":{"line":21,"column":20},"end":{"line":23,"column":1}},"line":21}},"branchMap":{},"s":{"0":2,"1":1,"2":1},"f":{"0":2},"b":{},"_coverageSchema":"1a1c01bbd47fc00a2c39e90264f33305004495a9","hash":"2b53c394de12ecbaa7cb7901c0c10def9b61c6ef"}
}
