{"/Users/jbryant/Development/algo-practice/with-notes/2022-10/gps.js": {"path":"/Users/jbryant/Development/algo-practice/with-notes/2022-10/gps.js","statementMap":{"0":{"start":{"line":22,"column":4},"end":{"line":22,"column":31}},"1":{"start":{"line":22,"column":23},"end":{"line":22,"column":31}},"2":{"start":{"line":23,"column":19},"end":{"line":23,"column":21}},"3":{"start":{"line":24,"column":22},"end":{"line":24,"column":28}},"4":{"start":{"line":25,"column":4},"end":{"line":27,"column":5}},"5":{"start":{"line":25,"column":17},"end":{"line":25,"column":18}},"6":{"start":{"line":26,"column":8},"end":{"line":26,"column":48}},"7":{"start":{"line":28,"column":21},"end":{"line":28,"column":40}},"8":{"start":{"line":29,"column":4},"end":{"line":29,"column":31}},"9":{"start":{"line":32,"column":0},"end":{"line":32,"column":20}},"10":{"start":{"line":34,"column":0},"end":{"line":34,"column":69}}},"fnMap":{"0":{"name":"gps","decl":{"start":{"line":21,"column":9},"end":{"line":21,"column":12}},"loc":{"start":{"line":21,"column":20},"end":{"line":30,"column":1}},"line":21}},"branchMap":{"0":{"loc":{"start":{"line":22,"column":4},"end":{"line":22,"column":31}},"type":"if","locations":[{"start":{"line":22,"column":4},"end":{"line":22,"column":31}},{"start":{},"end":{}}],"line":22}},"s":{"0":2,"1":0,"2":2,"3":2,"4":2,"5":2,"6":14,"7":2,"8":2,"9":1,"10":1},"f":{"0":2},"b":{"0":[0,2]},"_coverageSchema":"1a1c01bbd47fc00a2c39e90264f33305004495a9","hash":"148bfa49c655a2bdee593bac06905643dbc67e01"}
,"/Users/jbryant/Development/algo-practice/with-notes/2022-10/sum-pairs.js": {"path":"/Users/jbryant/Development/algo-practice/with-notes/2022-10/sum-pairs.js","statementMap":{"0":{"start":{"line":17,"column":17},"end":{"line":17,"column":19}},"1":{"start":{"line":18,"column":20},"end":{"line":18,"column":21}},"2":{"start":{"line":19,"column":4},"end":{"line":35,"column":5}},"3":{"start":{"line":19,"column":17},"end":{"line":19,"column":18}},"4":{"start":{"line":20,"column":8},"end":{"line":34,"column":9}},"5":{"start":{"line":20,"column":21},"end":{"line":20,"column":24}},"6":{"start":{"line":21,"column":12},"end":{"line":33,"column":13}},"7":{"start":{"line":22,"column":16},"end":{"line":32,"column":17}},"8":{"start":{"line":23,"column":20},"end":{"line":23,"column":39}},"9":{"start":{"line":24,"column":20},"end":{"line":24,"column":39}},"10":{"start":{"line":25,"column":20},"end":{"line":25,"column":33}},"11":{"start":{"line":27,"column":20},"end":{"line":31,"column":21}},"12":{"start":{"line":28,"column":24},"end":{"line":28,"column":37}},"13":{"start":{"line":29,"column":24},"end":{"line":29,"column":37}},"14":{"start":{"line":30,"column":24},"end":{"line":30,"column":37}},"15":{"start":{"line":36,"column":4},"end":{"line":36,"column":51}},"16":{"start":{"line":39,"column":0},"end":{"line":39,"column":25}},"17":{"start":{"line":41,"column":0},"end":{"line":41,"column":45}}},"fnMap":{"0":{"name":"sumPairs","decl":{"start":{"line":16,"column":9},"end":{"line":16,"column":17}},"loc":{"start":{"line":16,"column":30},"end":{"line":37,"column":1}},"line":16}},"branchMap":{"0":{"loc":{"start":{"line":21,"column":12},"end":{"line":33,"column":13}},"type":"if","locations":[{"start":{"line":21,"column":12},"end":{"line":33,"column":13}},{"start":{},"end":{}}],"line":21},"1":{"loc":{"start":{"line":22,"column":16},"end":{"line":32,"column":17}},"type":"if","locations":[{"start":{"line":22,"column":16},"end":{"line":32,"column":17}},{"start":{"line":26,"column":23},"end":{"line":32,"column":17}}],"line":22},"2":{"loc":{"start":{"line":27,"column":20},"end":{"line":31,"column":21}},"type":"if","locations":[{"start":{"line":27,"column":20},"end":{"line":31,"column":21}},{"start":{},"end":{}}],"line":27},"3":{"loc":{"start":{"line":36,"column":11},"end":{"line":36,"column":51}},"type":"cond-expr","locations":[{"start":{"line":36,"column":33},"end":{"line":36,"column":42}},{"start":{"line":36,"column":45},"end":{"line":36,"column":51}}],"line":36}},"s":{"0":8,"1":8,"2":8,"3":8,"4":39,"5":39,"6":82,"7":8,"8":7,"9":7,"10":7,"11":1,"12":0,"13":0,"14":0,"15":8,"16":1,"17":1},"f":{"0":8},"b":{"0":[8,74],"1":[7,1],"2":[0,1],"3":[1,7]},"_coverageSchema":"1a1c01bbd47fc00a2c39e90264f33305004495a9","hash":"e4b5b669e5ee74bdfc68506872fd0fa4acfb84fb"}
}
