TN:
SF:gps.js
FN:21,gps
FNF:1
FNH:1
FNDA:2,gps
DA:22,2
DA:23,2
DA:24,2
DA:25,2
DA:26,14
DA:28,2
DA:29,2
DA:32,1
DA:34,1
LF:9
LH:9
BRDA:22,0,0,0
BRDA:22,0,1,2
BRF:2
BRH:1
end_of_record
TN:
SF:sum-pairs.js
FN:16,sumPairs
FNF:1
FNH:1
FNDA:8,sumPairs
DA:17,8
DA:18,8
DA:19,8
DA:20,39
DA:21,82
DA:22,8
DA:23,7
DA:24,7
DA:25,7
DA:27,1
DA:28,0
DA:29,0
DA:30,0
DA:36,8
DA:39,1
DA:41,1
LF:16
LH:13
BRDA:21,0,0,8
BRDA:21,0,1,74
BRDA:22,1,0,7
BRDA:22,1,1,1
BRDA:27,2,0,0
BRDA:27,2,1,1
BRDA:36,3,0,1
BRDA:36,3,1,7
BRF:8
BRH:7
end_of_record
